TN:
SF:/home/jlg/nft/nft-marketplace-smart-contracts/contracts/Diamond.sol
FN:8,constructor
FN:16,
FNF:2
FNH:2
FNDA:68,constructor
FNDA:494,
DA:9,68
DA:10,68
DA:11,67
DA:17,494
DA:18,494
DA:19,494
DA:21,491
LF:7
LH:7
BRDA:10,1,0,67
BRDA:10,1,1,1
BRDA:19,2,0,491
BRDA:19,2,1,3
BRF:4
BRH:4
end_of_record
TN:
SF:/home/jlg/nft/nft-marketplace-smart-contracts/contracts/ERC721.sol
FNF:0
FNH:0
LF:0
LH:0
BRF:0
BRH:0
end_of_record
TN:
SF:/home/jlg/nft/nft-marketplace-smart-contracts/contracts/facets/DiamondCutFacet.sol
FN:10,diamondCut
FNF:1
FNH:1
FNDA:77,diamondCut
DA:11,77
DA:13,77
DA:14,239
DA:15,239
DA:16,239
DA:18,239
DA:19,235
DA:21,3
DA:23,1
DA:27,74
DA:29,74
LF:11
LH:11
BRDA:18,1,0,235
BRDA:18,1,1,4
BRDA:20,2,0,3
BRDA:20,2,1,1
BRF:4
BRH:4
end_of_record
TN:
SF:/home/jlg/nft/nft-marketplace-smart-contracts/contracts/facets/DiamondLoupeFacet.sol
FN:8,facets
FN:20,facetFunctionSelectors
FN:25,facetAddresses
FN:30,facetAddress
FNF:4
FNH:4
FNDA:2,facets
FNDA:5,facetFunctionSelectors
FNDA:4,facetAddresses
FNDA:2,facetAddress
DA:9,2
DA:10,2
DA:11,2
DA:12,2
DA:13,10
DA:14,10
DA:15,10
DA:17,2
DA:21,5
DA:22,5
DA:26,4
DA:27,4
DA:31,2
DA:32,2
LF:14
LH:14
BRF:0
BRH:0
end_of_record
TN:
SF:/home/jlg/nft/nft-marketplace-smart-contracts/contracts/facets/MarketplaceFacet.sol
FN:22,marketplaceStorage
FN:38,initMarketplace
FN:43,fee
FN:47,listItem
FN:64,buyItem
FN:94,cancelListing
FN:104,updateFee
FN:111,updateListingPrice
FN:119,withdrawFees
FN:130,getListing
FNF:10
FNH:10
FNDA:82,marketplaceStorage
FNDA:42,initMarketplace
FNDA:1,fee
FNDA:20,listItem
FNDA:11,buyItem
FNDA:2,cancelListing
FNDA:3,updateFee
FNDA:3,updateListingPrice
FNDA:7,withdrawFees
FNDA:1,getListing
DA:23,82
DA:24,82
DA:39,42
DA:40,42
DA:44,1
DA:48,20
DA:49,18
DA:50,18
DA:52,17
DA:53,17
DA:54,17
DA:56,16
DA:57,16
DA:58,16
DA:59,16
DA:61,16
DA:65,11
DA:66,11
DA:67,11
DA:68,10
DA:70,9
DA:72,9
DA:73,9
DA:76,9
DA:79,9
DA:80,9
DA:83,8
DA:85,8
DA:88,8
DA:89,2
DA:90,2
DA:95,2
DA:96,2
DA:97,2
DA:99,1
DA:101,1
DA:105,3
DA:106,2
DA:107,1
DA:108,1
DA:112,3
DA:113,3
DA:114,2
DA:115,1
DA:116,1
DA:120,7
DA:121,5
DA:122,5
DA:123,5
DA:124,4
DA:125,4
DA:126,4
DA:127,3
DA:131,1
LF:54
LH:54
BRDA:48,1,0,18
BRDA:48,1,1,2
BRDA:50,2,0,17
BRDA:50,2,1,1
BRDA:54,3,0,16
BRDA:54,3,1,1
BRDA:54,4,0,15
BRDA:54,4,1,1
BRDA:67,5,0,10
BRDA:67,5,1,1
BRDA:68,6,0,9
BRDA:68,6,1,1
BRDA:80,7,0,8
BRDA:80,7,1,1
BRDA:88,8,0,2
BRDA:88,8,1,6
BRDA:90,9,0,1
BRDA:90,9,1,1
BRDA:97,10,0,1
BRDA:97,10,1,1
BRDA:106,11,0,1
BRDA:106,11,1,1
BRDA:113,12,0,2
BRDA:113,12,1,1
BRDA:114,13,0,1
BRDA:114,13,1,1
BRDA:123,14,0,4
BRDA:123,14,1,1
BRDA:126,15,0,3
BRDA:126,15,1,1
BRF:30
BRH:30
end_of_record
TN:
SF:/home/jlg/nft/nft-marketplace-smart-contracts/contracts/facets/NFTFacet.sol
FN:21,nftStorage
FN:26,init
FN:38,initNFT
FN:43,name
FN:47,symbol
FN:51,ownerOf
FN:57,balanceOf
FN:62,tokenURI
FN:67,mintNFT
FN:80,transferFrom
FN:84,setApprovalForAll
FN:89,isApprovedForAll
FN:93,approve
FN:101,getApproved
FN:105,safeTransferFrom
FN:110,_transferFrom
FN:127,tokenIds
FN:131,setTokenURI
FN:137,burn
FN:147,MAX_SUPPLY
FNF:20
FNH:20
FNDA:297,nftStorage
FNDA:61,init
FNDA:61,initNFT
FNDA:1,name
FNDA:1,symbol
FNDA:37,ownerOf
FNDA:2,balanceOf
FNDA:4,tokenURI
FNDA:73,mintNFT
FNDA:14,transferFrom
FNDA:23,setApprovalForAll
FNDA:20,isApprovedForAll
FNDA:13,approve
FNDA:23,getApproved
FNDA:10,safeTransferFrom
FNDA:24,_transferFrom
FNDA:3,tokenIds
FNDA:4,setTokenURI
FNDA:7,burn
FNDA:1,MAX_SUPPLY
DA:22,297
DA:23,297
DA:27,61
DA:28,61
DA:29,61
DA:30,61
DA:39,61
DA:40,61
DA:44,1
DA:48,1
DA:52,37
DA:53,37
DA:54,33
DA:58,2
DA:59,1
DA:63,4
DA:64,3
DA:68,73
DA:69,72
DA:70,72
DA:71,71
DA:72,71
DA:73,71
DA:74,71
DA:75,71
DA:76,71
DA:77,71
DA:81,14
DA:85,23
DA:86,23
DA:90,20
DA:94,13
DA:95,13
DA:96,13
DA:97,12
DA:98,11
DA:102,23
DA:107,10
DA:111,24
DA:112,22
DA:113,22
DA:114,22
DA:115,21
DA:118,20
DA:119,6
DA:122,20
DA:123,20
DA:124,20
DA:128,3
DA:132,4
DA:133,3
DA:134,2
DA:138,7
DA:139,7
DA:140,7
DA:141,4
DA:142,4
DA:143,4
DA:144,4
DA:148,1
LF:60
LH:60
BRDA:53,1,0,33
BRDA:53,1,1,4
BRDA:58,2,0,1
BRDA:58,2,1,1
BRDA:63,3,0,3
BRDA:63,3,1,1
BRDA:70,4,0,71
BRDA:70,4,1,1
BRDA:96,5,0,12
BRDA:96,5,1,1
BRDA:97,6,0,11
BRDA:97,6,1,1
BRDA:97,7,0,10
BRDA:97,7,1,1
BRDA:111,8,0,22
BRDA:111,8,1,2
BRDA:114,9,0,21
BRDA:114,9,1,1
BRDA:115,10,0,20
BRDA:115,10,1,1
BRDA:115,11,0,4
BRDA:115,11,1,13
BRDA:115,12,0,13
BRDA:115,12,1,3
BRDA:118,13,0,6
BRDA:118,13,1,14
BRDA:133,14,0,2
BRDA:133,14,1,1
BRDA:140,15,0,4
BRDA:140,15,1,3
BRDA:140,16,0,1
BRDA:140,16,1,2
BRDA:140,17,0,2
BRDA:140,17,1,1
BRF:34
BRH:34
end_of_record
TN:
SF:/home/jlg/nft/nft-marketplace-smart-contracts/contracts/facets/OwnershipFacet.sol
FN:9,owner
FN:13,transferOwnership
FNF:2
FNH:2
FNDA:3,owner
FNDA:5,transferOwnership
DA:10,3
DA:14,5
DA:15,4
DA:16,4
LF:4
LH:4
BRF:0
BRH:0
end_of_record
TN:
SF:/home/jlg/nft/nft-marketplace-smart-contracts/contracts/interfaces/IDiamondCut.sol
FNF:0
FNH:0
LF:0
LH:0
BRF:0
BRH:0
end_of_record
TN:
SF:/home/jlg/nft/nft-marketplace-smart-contracts/contracts/interfaces/IDiamondLoupe.sol
FNF:0
FNH:0
LF:0
LH:0
BRF:0
BRH:0
end_of_record
TN:
SF:/home/jlg/nft/nft-marketplace-smart-contracts/contracts/legacy/Marketplace.sol
FNF:0
FNH:0
LF:0
LH:0
BRF:0
BRH:0
end_of_record
TN:
SF:/home/jlg/nft/nft-marketplace-smart-contracts/contracts/LibDiamond.sol
FN:22,diamondStorage
FN:29,setContractOwner
FN:36,contractOwner
FN:40,enforceIsContractOwner
FN:44,addFunctions
FN:64,removeAllSelectorsOfFacet
FN:82,initializeDiamondCut
FNF:7
FNH:7
FNDA:1166,diamondStorage
FNDA:72,setContractOwner
FNDA:10,contractOwner
FNDA:272,enforceIsContractOwner
FNDA:302,addFunctions
FNDA:3,removeAllSelectorsOfFacet
FNDA:74,initializeDiamondCut
DA:23,1166
DA:24,1166
DA:30,72
DA:31,72
DA:32,72
DA:33,72
DA:37,10
DA:41,272
DA:45,302
DA:46,302
DA:49,301
DA:50,1900
DA:51,1900
DA:52,1899
DA:53,1899
DA:57,300
DA:58,300
DA:59,555
DA:61,300
DA:65,3
DA:66,3
DA:67,3
DA:68,21
DA:69,21
DA:71,3
DA:73,3
DA:74,15
DA:75,3
DA:76,3
DA:77,3
DA:83,74
DA:84,72
DA:85,71
DA:87,2
DA:88,2
LF:35
LH:35
BRDA:41,1,0,266
BRDA:41,1,1,6
BRDA:46,2,0,301
BRDA:46,2,1,1
BRDA:51,3,0,1899
BRDA:51,3,1,1
BRDA:59,4,0,1
BRDA:59,4,1,554
BRDA:61,5,0,299
BRDA:61,5,1,1
BRDA:74,6,0,3
BRDA:74,6,1,12
BRDA:83,7,0,72
BRDA:83,7,1,2
BRDA:84,8,0,71
BRDA:84,8,1,1
BRDA:88,9,0,1
BRDA:88,9,1,1
BRF:18
BRH:18
end_of_record
TN:
SF:/home/jlg/nft/nft-marketplace-smart-contracts/contracts/Marketplace.sol
FNF:0
FNH:0
LF:0
LH:0
BRF:0
BRH:0
end_of_record
TN:
SF:/home/jlg/nft/nft-marketplace-smart-contracts/contracts/mocks/MockMarket.sol
FN:6,withdrawFees
FNF:1
FNH:1
FNDA:1,withdrawFees
LF:0
LH:0
BRF:0
BRH:0
end_of_record
TN:
SF:/home/jlg/nft/nft-marketplace-smart-contracts/contracts/NFT.sol
FNF:0
FNH:0
LF:0
LH:0
BRF:0
BRH:0
end_of_record
TN:
SF:/home/jlg/nft/nft-marketplace-smart-contracts/contracts/TestInitFacet.sol
FN:7,initNoop
FNF:1
FNH:1
FNDA:3,initNoop
DA:8,3
LF:1
LH:1
BRF:0
BRH:0
end_of_record
TN:
SF:/home/jlg/nft/nft-marketplace-smart-contracts/contracts/TestMultiFacet.sol
FN:5,foo
FN:6,bar
FNF:2
FNH:2
FNDA:1,foo
FNDA:1,bar
LF:0
LH:0
BRF:0
BRH:0
end_of_record
TN:
SF:/home/jlg/nft/nft-marketplace-smart-contracts/contracts/TestPaymentFailers.sol
FN:14,approveMarket
FN:18,list
FN:28,
FN:34,buy
FN:39,onERC721Received
FN:47,
FN:53,callWithdraw
FN:62,
FN:68,callWithdraw
FN:76,
FNF:10
FNH:9
FNDA:1,approveMarket
FNDA:2,list
FNDA:1,
FNDA:2,buy
FNDA:1,onERC721Received
FNDA:1,
FNDA:2,callWithdraw
FNDA:1,
FNDA:2,callWithdraw
FNDA:0,
DA:15,1
DA:20,2
DA:21,2
DA:25,1
DA:29,1
DA:35,2
DA:36,2
DA:40,1
DA:44,1
DA:48,1
DA:54,2
DA:55,2
DA:59,1
DA:63,1
DA:69,2
DA:70,2
LF:16
LH:16
BRDA:21,1,0,1
BRDA:21,1,1,1
BRDA:36,2,0,1
BRDA:36,2,1,1
BRDA:55,3,0,1
BRDA:55,3,1,1
BRDA:70,4,0,1
BRDA:70,4,1,1
BRF:8
BRH:8
end_of_record
TN:
SF:/home/jlg/nft/nft-marketplace-smart-contracts/contracts/TestPaymentHelpers.sol
FN:5,callWithdraw
FN:13,
FNF:2
FNH:2
FNDA:2,callWithdraw
FNDA:1,
DA:6,2
DA:7,2
LF:2
LH:2
BRDA:7,1,0,1
BRDA:7,1,1,1
BRF:2
BRH:2
end_of_record
TN:
SF:/home/jlg/nft/nft-marketplace-smart-contracts/contracts/TestRevertFacet.sol
FN:5,willRevert
FNF:1
FNH:1
FNDA:6,willRevert
DA:6,6
LF:1
LH:1
BRF:0
BRH:0
end_of_record
